<?xml version="1.0" encoding="UTF-8"?>
<!-- Generated by org.testng.reporters.JUnitXMLReporter -->
<testsuite hostname="AbhijitSargar" name="Default test" tests="2" failures="0" timestamp="24 Jun 2019 13:34:29 GMT" time="29.118" errors="0">
  <testcase name="verify_LoginPAge_Title" time="0.033" classname="com.CRM.VisionIT.Screenshot.TestCases.Login_Test_Page"/>
  <testcase name="Verify_Login_Page" time="5.216" classname="com.CRM.VisionIT.Screenshot.TestCases.Login_Test_Page"/>
</testsuite> <!-- Default test -->
